

Started GET "/" for 127.0.0.1 at 2015-06-17 14:41:07 +0200
Processing by Rails::WelcomeController#index as HTML
  Rendered /home/cpt_picard/.rvm/gems/ruby-2.2.0/gems/railties-4.2.0/lib/rails/templates/rails/welcome/index.html.erb (0.8ms)
Completed 200 OK in 9ms (Views: 4.1ms | ActiveRecord: 0.0ms)
  [1m[36m (62.2ms)[0m  [1mCREATE TABLE "schema_migrations" ("version" varchar NOT NULL) [0m
  [1m[35m (0.0ms)[0m  select sqlite_version(*)
  [1m[36m (76.5ms)[0m  [1mCREATE UNIQUE INDEX "unique_schema_migrations" ON "schema_migrations" ("version")[0m
  [1m[35mActiveRecord::SchemaMigration Load (0.0ms)[0m  SELECT "schema_migrations".* FROM "schema_migrations"
Migrating to CreateTodoLists (20150619074959)
  [1m[36m (0.0ms)[0m  [1mbegin transaction[0m
  [1m[35m (0.2ms)[0m  CREATE TABLE "todo_lists" ("id" INTEGER PRIMARY KEY AUTOINCREMENT NOT NULL, "title" varchar, "description" text, "created_at" datetime NOT NULL, "updated_at" datetime NOT NULL) 
  [1m[36mSQL (0.1ms)[0m  [1mINSERT INTO "schema_migrations" ("version") VALUES (?)[0m  [["version", "20150619074959"]]
  [1m[35m (101.6ms)[0m  commit transaction
  [1m[36mActiveRecord::SchemaMigration Load (0.0ms)[0m  [1mSELECT "schema_migrations".* FROM "schema_migrations"[0m


Started GET "/" for 127.0.0.1 at 2015-06-19 10:43:20 +0200
  [1m[36mActiveRecord::SchemaMigration Load (0.0ms)[0m  [1mSELECT "schema_migrations".* FROM "schema_migrations"[0m
Processing by Rails::WelcomeController#index as HTML
  Rendered /home/cpt_picard/.rvm/gems/ruby-2.2.0/gems/railties-4.2.0/lib/rails/templates/rails/welcome/index.html.erb (0.8ms)
Completed 200 OK in 25ms (Views: 25.1ms | ActiveRecord: 0.0ms)


Started GET "/todo_list" for 127.0.0.1 at 2015-06-19 10:43:50 +0200

ActionController::RoutingError (No route matches [GET] "/todo_list"):
  actionpack (4.2.0) lib/action_dispatch/middleware/debug_exceptions.rb:21:in `call'
  web-console (2.1.3) lib/web_console/middleware.rb:37:in `call'
  actionpack (4.2.0) lib/action_dispatch/middleware/show_exceptions.rb:30:in `call'
  railties (4.2.0) lib/rails/rack/logger.rb:38:in `call_app'
  railties (4.2.0) lib/rails/rack/logger.rb:20:in `block in call'
  activesupport (4.2.0) lib/active_support/tagged_logging.rb:68:in `block in tagged'
  activesupport (4.2.0) lib/active_support/tagged_logging.rb:26:in `tagged'
  activesupport (4.2.0) lib/active_support/tagged_logging.rb:68:in `tagged'
  railties (4.2.0) lib/rails/rack/logger.rb:20:in `call'
  actionpack (4.2.0) lib/action_dispatch/middleware/request_id.rb:21:in `call'
  rack (1.6.2) lib/rack/methodoverride.rb:22:in `call'
  rack (1.6.2) lib/rack/runtime.rb:18:in `call'
  activesupport (4.2.0) lib/active_support/cache/strategy/local_cache_middleware.rb:28:in `call'
  rack (1.6.2) lib/rack/lock.rb:17:in `call'
  actionpack (4.2.0) lib/action_dispatch/middleware/static.rb:113:in `call'
  rack (1.6.2) lib/rack/sendfile.rb:113:in `call'
  railties (4.2.0) lib/rails/engine.rb:518:in `call'
  railties (4.2.0) lib/rails/application.rb:164:in `call'
  rack (1.6.2) lib/rack/lock.rb:17:in `call'
  rack (1.6.2) lib/rack/content_length.rb:15:in `call'
  rack (1.6.2) lib/rack/handler/webrick.rb:88:in `service'
  /home/cpt_picard/.rvm/rubies/ruby-2.2.0/lib/ruby/2.2.0/webrick/httpserver.rb:138:in `service'
  /home/cpt_picard/.rvm/rubies/ruby-2.2.0/lib/ruby/2.2.0/webrick/httpserver.rb:94:in `run'
  /home/cpt_picard/.rvm/rubies/ruby-2.2.0/lib/ruby/2.2.0/webrick/server.rb:294:in `block in start_thread'


  Rendered /home/cpt_picard/.rvm/gems/ruby-2.2.0/gems/actionpack-4.2.0/lib/action_dispatch/middleware/templates/rescues/_trace.html.erb (0.6ms)
  Rendered /home/cpt_picard/.rvm/gems/ruby-2.2.0/gems/actionpack-4.2.0/lib/action_dispatch/middleware/templates/routes/_route.html.erb (0.6ms)
  Rendered /home/cpt_picard/.rvm/gems/ruby-2.2.0/gems/actionpack-4.2.0/lib/action_dispatch/middleware/templates/routes/_table.html.erb (13.2ms)
  Rendered /home/cpt_picard/.rvm/gems/ruby-2.2.0/gems/actionpack-4.2.0/lib/action_dispatch/middleware/templates/rescues/_request_and_response.html.erb (13.6ms)
  Rendered /home/cpt_picard/.rvm/gems/ruby-2.2.0/gems/actionpack-4.2.0/lib/action_dispatch/middleware/templates/rescues/routing_error.html.erb within rescues/layout (39.5ms)
  Rendered /home/cpt_picard/.rvm/gems/ruby-2.2.0/gems/web-console-2.1.3/lib/web_console/templates/_markup.html.erb (0.2ms)
  Rendered /home/cpt_picard/.rvm/gems/ruby-2.2.0/gems/web-console-2.1.3/lib/web_console/templates/style.css.erb within layouts/inlined_string (0.1ms)
  Rendered /home/cpt_picard/.rvm/gems/ruby-2.2.0/gems/web-console-2.1.3/lib/web_console/templates/_inner_console_markup.html.erb within layouts/inlined_string (0.1ms)
  Rendered /home/cpt_picard/.rvm/gems/ruby-2.2.0/gems/web-console-2.1.3/lib/web_console/templates/_prompt_box_markup.html.erb within layouts/inlined_string (0.2ms)
  Rendered /home/cpt_picard/.rvm/gems/ruby-2.2.0/gems/web-console-2.1.3/lib/web_console/templates/console.js.erb within layouts/javascript (9.2ms)
  Rendered /home/cpt_picard/.rvm/gems/ruby-2.2.0/gems/web-console-2.1.3/lib/web_console/templates/main.js.erb within layouts/javascript (0.2ms)
  Rendered /home/cpt_picard/.rvm/gems/ruby-2.2.0/gems/web-console-2.1.3/lib/web_console/templates/error_page.js.erb within layouts/javascript (0.2ms)
  Rendered /home/cpt_picard/.rvm/gems/ruby-2.2.0/gems/web-console-2.1.3/lib/web_console/templates/index.html.erb (36.4ms)


Started GET "/todo_lists" for 127.0.0.1 at 2015-06-19 10:44:22 +0200
Processing by TodoListsController#index as HTML
  [1m[35mTodoList Load (0.1ms)[0m  SELECT "todo_lists".* FROM "todo_lists"
  Rendered todo_lists/index.html.erb within layouts/application (1.1ms)
Completed 500 Internal Server Error in 146ms

ActionView::Template::Error (couldn't find file 'turbolinks' with type 'application/javascript'):
    3: <head>
    4:   <title>Todolist</title>
    5:   <%= stylesheet_link_tag    'application', media: 'all', 'data-turbolinks-track' => true %>
    6:   <%= javascript_include_tag 'application', 'data-turbolinks-track' => true %>
    7:   <%= csrf_meta_tags %>
    8: </head>
    9: <body>
  app/assets/javascripts/application.js:15
  app/views/layouts/application.html.erb:6:in `_app_views_layouts_application_html_erb___2868241068446865050_30099100'


  Rendered /home/cpt_picard/.rvm/gems/ruby-2.2.0/gems/actionpack-4.2.0/lib/action_dispatch/middleware/templates/rescues/_source.erb (3.5ms)
  Rendered /home/cpt_picard/.rvm/gems/ruby-2.2.0/gems/actionpack-4.2.0/lib/action_dispatch/middleware/templates/rescues/_trace.html.erb (1.4ms)
  Rendered /home/cpt_picard/.rvm/gems/ruby-2.2.0/gems/actionpack-4.2.0/lib/action_dispatch/middleware/templates/rescues/_request_and_response.html.erb (0.4ms)
  Rendered /home/cpt_picard/.rvm/gems/ruby-2.2.0/gems/actionpack-4.2.0/lib/action_dispatch/middleware/templates/rescues/template_error.html.erb within rescues/layout (12.1ms)
  Rendered /home/cpt_picard/.rvm/gems/ruby-2.2.0/gems/web-console-2.1.3/lib/web_console/templates/_markup.html.erb (0.1ms)
  Rendered /home/cpt_picard/.rvm/gems/ruby-2.2.0/gems/web-console-2.1.3/lib/web_console/templates/style.css.erb within layouts/inlined_string (0.1ms)
  Rendered /home/cpt_picard/.rvm/gems/ruby-2.2.0/gems/web-console-2.1.3/lib/web_console/templates/_inner_console_markup.html.erb within layouts/inlined_string (0.1ms)
  Rendered /home/cpt_picard/.rvm/gems/ruby-2.2.0/gems/web-console-2.1.3/lib/web_console/templates/_prompt_box_markup.html.erb within layouts/inlined_string (0.1ms)
  Rendered /home/cpt_picard/.rvm/gems/ruby-2.2.0/gems/web-console-2.1.3/lib/web_console/templates/console.js.erb within layouts/javascript (7.3ms)
  Rendered /home/cpt_picard/.rvm/gems/ruby-2.2.0/gems/web-console-2.1.3/lib/web_console/templates/main.js.erb within layouts/javascript (0.1ms)
  Rendered /home/cpt_picard/.rvm/gems/ruby-2.2.0/gems/web-console-2.1.3/lib/web_console/templates/error_page.js.erb within layouts/javascript (0.2ms)
  Rendered /home/cpt_picard/.rvm/gems/ruby-2.2.0/gems/web-console-2.1.3/lib/web_console/templates/index.html.erb (14.9ms)


Started GET "/todo_lists" for 127.0.0.1 at 2015-06-19 10:44:35 +0200
Processing by TodoListsController#index as HTML
  [1m[36mTodoList Load (0.1ms)[0m  [1mSELECT "todo_lists".* FROM "todo_lists"[0m
  Rendered todo_lists/index.html.erb within layouts/application (0.4ms)
Completed 200 OK in 377ms (Views: 376.7ms | ActiveRecord: 0.1ms)


Started GET "/assets/scaffolds.self-f55626d2d7e7570f241da165781aa8c79cd72a93d994ce9c980edd065906f08e.css?body=1" for 127.0.0.1 at 2015-06-19 10:44:35 +0200


Started GET "/assets/todo_lists.self-e3b0c44298fc1c149afbf4c8996fb92427ae41e4649b934ca495991b7852b855.css?body=1" for 127.0.0.1 at 2015-06-19 10:44:35 +0200


Started GET "/assets/application.self-e80e8f2318043e8af94dddc2adad5a4f09739a8ebb323b3ab31cd71d45fd9113.css?body=1" for 127.0.0.1 at 2015-06-19 10:44:35 +0200


Started GET "/assets/jquery_ujs.self-ca5248a2fad13d6bd58ea121318d642f195f0b2dd818b30615f785ff365e8d1f.js?body=1" for 127.0.0.1 at 2015-06-19 10:44:35 +0200


Started GET "/assets/todo_lists.self-877aef30ae1b040ab8a3aba4e3e309a11d7f2612f44dde450b5c157aa5f95c05.js?body=1" for 127.0.0.1 at 2015-06-19 10:44:35 +0200


Started GET "/assets/application.self-2b00c68320848afe54cf9919a7a76ed257f93bdb6e12dc2160d07a8b1fe5e9f4.js?body=1" for 127.0.0.1 at 2015-06-19 10:44:35 +0200


Started GET "/assets/jquery.self-d03a5518f45df77341bdbe6201ba3bfa547ebba8ed64f0ea56bfa5f96ea7c074.js?body=1" for 127.0.0.1 at 2015-06-19 10:44:35 +0200


Started GET "/todo_lists/new" for 127.0.0.1 at 2015-06-19 10:44:36 +0200
Processing by TodoListsController#new as HTML
  Rendered todo_lists/_form.html.erb (30.7ms)
  Rendered todo_lists/new.html.erb within layouts/application (31.3ms)
Completed 200 OK in 43ms (Views: 40.8ms | ActiveRecord: 0.1ms)


Started POST "/todo_lists" for 127.0.0.1 at 2015-06-19 10:44:52 +0200
Processing by TodoListsController#create as HTML
  Parameters: {"utf8"=>"✓", "authenticity_token"=>"mVNYHJ9VnH5QZl0BcVy3EE6pAABdEakI0cgiHMVsOI+EMNmhUQn37iAzhoy6xuYEFM/CcgfL86IOWe8QCUHd9g==", "todo_list"=>{"title"=>"Windows", "description"=>"clean them all"}, "commit"=>"Create Todo list"}
  [1m[35m (0.1ms)[0m  begin transaction
  [1m[36mSQL (0.2ms)[0m  [1mINSERT INTO "todo_lists" ("title", "description", "created_at", "updated_at") VALUES (?, ?, ?, ?)[0m  [["title", "Windows"], ["description", "clean them all"], ["created_at", "2015-06-19 08:44:52.756750"], ["updated_at", "2015-06-19 08:44:52.756750"]]
  [1m[35m (96.0ms)[0m  commit transaction
Redirected to http://localhost:3000/todo_lists/1
Completed 302 Found in 100ms (ActiveRecord: 96.2ms)


Started GET "/todo_lists/1" for 127.0.0.1 at 2015-06-19 10:44:52 +0200
Processing by TodoListsController#show as HTML
  Parameters: {"id"=>"1"}
  [1m[36mTodoList Load (0.1ms)[0m  [1mSELECT  "todo_lists".* FROM "todo_lists" WHERE "todo_lists"."id" = ? LIMIT 1[0m  [["id", 1]]
  Rendered todo_lists/show.html.erb within layouts/application (0.6ms)
Completed 200 OK in 51ms (Views: 14.7ms | ActiveRecord: 0.1ms)


Started GET "/" for 127.0.0.1 at 2015-06-19 10:47:00 +0200
Processing by TodoListsController#index as HTML
  [1m[35mTodoList Load (0.2ms)[0m  SELECT "todo_lists".* FROM "todo_lists"
  Rendered todo_lists/index.html.erb within layouts/application (2.9ms)
Completed 200 OK in 16ms (Views: 14.2ms | ActiveRecord: 0.3ms)
